19:25:32 [INFO] =======================================
19:25:32 [INFO]   CRICHEROES TOURNAMENT AUTO-TRACKER   
19:25:32 [INFO] =======================================
19:25:32 [INFO] Anti-Sleep Override: ENABLED
19:25:32 [INFO] Tournament: https://cricheroes.com/tournament/1935786/gsrc-sukg-league-2026
19:25:32 [INFO] KVDB: https://kvdb.io/BYZVP2VXarW5EsxpLJoD9M/score
19:25:32 [INFO] Headless: False
19:25:32 [INFO] Starting browser...
19:25:39 [INFO] 
Checking Tournament Page for LIVE matches...
19:25:50 [INFO] LIVE match found: https://cricheroes.com/scorecard/23404157/gsrc-sukg-league-2026/team-e-super-sapphire-vs-team-a-diamond-daredevils/live
19:25:50 [INFO] --- SCRAPING LIVE MATCH ---
19:25:50 [INFO] URL: https://cricheroes.com/scorecard/23404157/gsrc-sukg-league-2026/team-e-super-sapphire-vs-team-a-diamond-daredevils/live
19:25:59 [INFO] Broadcasted -> Team E- Super Sapphire vs Team A Diamond Daredevils: 0/1 (0.1 Ov) (LIVE)
19:25:59 [DEBUG] Wait 10s...
19:26:21 [DEBUG] No change (0/1 (0.1 Ov))
19:26:21 [DEBUG] Wait 10s...
19:26:42 [DEBUG] No change (0/1 (0.1 Ov))
19:26:42 [DEBUG] Wait 10s...
19:27:02 [DEBUG] No change (0/1 (0.1 Ov))
19:27:02 [DEBUG] Wait 10s...
19:27:22 [DEBUG] No change (0/1 (0.1 Ov))
19:27:22 [DEBUG] Wait 10s...
19:27:43 [DEBUG] No change (0/1 (0.1 Ov))
19:27:43 [DEBUG] Wait 10s...
19:28:09 [DEBUG] No change (0/1 (0.1 Ov))
19:28:09 [DEBUG] Wait 10s...
19:28:29 [DEBUG] No change (0/1 (0.1 Ov))
19:28:29 [DEBUG] Wait 10s...
19:28:52 [DEBUG] No change (0/1 (0.1 Ov))
19:28:52 [DEBUG] Wait 10s...
19:29:14 [DEBUG] No change (0/1 (0.1 Ov))
19:29:14 [DEBUG] Wait 10s...
19:29:35 [DEBUG] No change (0/1 (0.1 Ov))
19:29:35 [DEBUG] Wait 10s...
19:29:56 [DEBUG] No change (0/1 (0.1 Ov))
19:29:56 [DEBUG] Wait 10s...
19:30:16 [DEBUG] No change (0/1 (0.1 Ov))
19:30:16 [DEBUG] Wait 10s...
19:30:36 [DEBUG] No change (0/1 (0.1 Ov))
19:30:36 [DEBUG] Wait 10s...
19:30:55 [DEBUG] No change (0/1 (0.1 Ov))
19:30:55 [DEBUG] Wait 10s...
19:31:15 [DEBUG] No change (0/1 (0.1 Ov))
19:31:15 [DEBUG] Wait 10s...
19:31:35 [DEBUG] No change (0/1 (0.1 Ov))
19:31:35 [DEBUG] Wait 10s...
19:31:54 [DEBUG] No change (0/1 (0.1 Ov))
19:31:54 [DEBUG] Wait 10s...
19:32:14 [DEBUG] No change (0/1 (0.1 Ov))
19:32:14 [DEBUG] Wait 10s...
19:32:34 [DEBUG] No change (0/1 (0.1 Ov))
19:32:34 [DEBUG] Wait 10s...
19:32:54 [DEBUG] No change (0/1 (0.1 Ov))
19:32:54 [DEBUG] Wait 10s...
19:33:14 [DEBUG] No change (0/1 (0.1 Ov))
19:33:14 [DEBUG] Wait 10s...
19:33:34 [DEBUG] No change (0/1 (0.1 Ov))
19:33:34 [DEBUG] Wait 10s...
19:33:55 [DEBUG] No change (0/1 (0.1 Ov))
19:33:55 [DEBUG] Wait 10s...
19:34:15 [DEBUG] No change (0/1 (0.1 Ov))
19:34:15 [DEBUG] Wait 10s...
19:34:35 [DEBUG] No change (0/1 (0.1 Ov))
19:34:35 [DEBUG] Wait 10s...
19:34:56 [DEBUG] No change (0/1 (0.1 Ov))
19:34:56 [DEBUG] Wait 10s...
19:35:18 [DEBUG] No change (0/1 (0.1 Ov))
19:35:18 [DEBUG] Wait 10s...
19:35:48 [INFO] =======================================
19:35:48 [INFO]   CRICHEROES TOURNAMENT AUTO-TRACKER   
19:35:48 [INFO] =======================================
19:35:48 [INFO] Anti-Sleep Override: ENABLED
19:35:48 [INFO] Tournament: https://cricheroes.com/tournament/1935786/gsrc-sukg-league-2026
19:35:48 [INFO] KVDB: https://kvdb.io/BYZVP2VXarW5EsxpLJoD9M/score
19:35:48 [INFO] Headless: False
19:35:48 [INFO] Starting browser...
19:35:52 [INFO] 
Checking Tournament Page for LIVE matches...
19:36:02 [INFO] LIVE match found: https://cricheroes.com/scorecard/23404157/gsrc-sukg-league-2026/team-e-super-sapphire-vs-team-a-diamond-daredevils/live
19:36:02 [INFO] --- SCRAPING LIVE MATCH ---
19:36:02 [INFO] URL: https://cricheroes.com/scorecard/23404157/gsrc-sukg-league-2026/team-e-super-sapphire-vs-team-a-diamond-daredevils/live
19:36:10 [INFO] Broadcasted -> Team E- Super Sapphire vs Team A Diamond Daredevils: 0/1 (0.1 Ov) (LIVE)
19:36:10 [DEBUG] Wait 10s...
19:36:31 [DEBUG] No change (0/1 (0.1 Ov))
19:36:31 [DEBUG] Wait 10s...
19:36:52 [DEBUG] No change (0/1 (0.1 Ov))
19:36:52 [DEBUG] Wait 10s...
19:37:12 [DEBUG] No change (0/1 (0.1 Ov))
19:37:12 [DEBUG] Wait 10s...
19:37:32 [DEBUG] No change (0/1 (0.1 Ov))
19:37:32 [DEBUG] Wait 10s...
19:37:56 [DEBUG] No change (0/1 (0.1 Ov))
19:37:56 [DEBUG] Wait 10s...
19:38:17 [DEBUG] No change (0/1 (0.1 Ov))
19:38:17 [DEBUG] Wait 10s...
19:38:38 [DEBUG] No change (0/1 (0.1 Ov))
19:38:38 [DEBUG] Wait 10s...
19:39:01 [DEBUG] No change (0/1 (0.1 Ov))
19:39:01 [DEBUG] Wait 10s...
19:39:21 [DEBUG] No change (0/1 (0.1 Ov))
19:39:21 [DEBUG] Wait 10s...
19:39:44 [INFO] =======================================
19:39:44 [INFO]   CRICHEROES TOURNAMENT AUTO-TRACKER   
19:39:44 [INFO] =======================================
19:39:44 [INFO] Anti-Sleep Override: ENABLED
19:39:44 [INFO] Tournament: https://cricheroes.com/tournament/1935786/gsrc-sukg-league-2026
19:39:44 [INFO] KVDB: https://kvdb.io/BYZVP2VXarW5EsxpLJoD9M/score
19:39:44 [INFO] Headless: False
19:39:44 [INFO] Starting browser...
19:39:46 [INFO] 
Checking Tournament Page for LIVE matches...
19:39:57 [INFO] LIVE match found: https://cricheroes.com/scorecard/23404157/gsrc-sukg-league-2026/team-e-super-sapphire-vs-team-a-diamond-daredevils/live
19:39:57 [INFO] --- SCRAPING LIVE MATCH ---
19:39:57 [INFO] URL: https://cricheroes.com/scorecard/23404157/gsrc-sukg-league-2026/team-e-super-sapphire-vs-team-a-diamond-daredevils/live
19:40:05 [INFO] Broadcasted -> Team E- Super Sapphire vs Team A Diamond Daredevils: 0/1 (0.1 Ov) (LIVE)
19:40:05 [DEBUG] Wait 10s...
19:40:25 [DEBUG] No change (0/1 (0.1 Ov))
19:40:25 [DEBUG] Wait 10s...
19:40:45 [DEBUG] No change (0/1 (0.1 Ov))
19:40:45 [DEBUG] Wait 10s...
19:41:09 [DEBUG] No change (0/1 (0.1 Ov))
19:41:09 [DEBUG] Wait 10s...
19:41:28 [DEBUG] No change (0/1 (0.1 Ov))
19:41:28 [DEBUG] Wait 10s...
19:41:48 [DEBUG] No change (0/1 (0.1 Ov))
19:41:48 [DEBUG] Wait 10s...
19:42:09 [DEBUG] No change (0/1 (0.1 Ov))
19:42:09 [DEBUG] Wait 10s...
19:42:29 [DEBUG] No change (0/1 (0.1 Ov))
19:42:29 [DEBUG] Wait 10s...
19:42:49 [DEBUG] No change (0/1 (0.1 Ov))
19:42:49 [DEBUG] Wait 10s...
19:43:10 [DEBUG] No change (0/1 (0.1 Ov))
19:43:10 [DEBUG] Wait 10s...
19:43:31 [DEBUG] No change (0/1 (0.1 Ov))
19:43:31 [DEBUG] Wait 10s...
19:43:52 [DEBUG] No change (0/1 (0.1 Ov))
19:43:52 [DEBUG] Wait 10s...
19:44:12 [DEBUG] No change (0/1 (0.1 Ov))
19:44:12 [DEBUG] Wait 10s...
19:44:32 [DEBUG] No change (0/1 (0.1 Ov))
19:44:32 [DEBUG] Wait 10s...
19:44:53 [DEBUG] No change (0/1 (0.1 Ov))
19:44:53 [DEBUG] Wait 10s...
19:45:14 [DEBUG] No change (0/1 (0.1 Ov))
19:45:14 [DEBUG] Wait 10s...
19:45:33 [DEBUG] No change (0/1 (0.1 Ov))
19:45:33 [DEBUG] Wait 10s...
19:45:54 [DEBUG] No change (0/1 (0.1 Ov))
19:45:54 [DEBUG] Wait 10s...
19:46:16 [DEBUG] No change (0/1 (0.1 Ov))
19:46:16 [DEBUG] Wait 10s...
19:46:37 [DEBUG] No change (0/1 (0.1 Ov))
19:46:37 [DEBUG] Wait 10s...
19:46:57 [DEBUG] No change (0/1 (0.1 Ov))
19:46:57 [DEBUG] Wait 10s...
19:47:16 [DEBUG] No change (0/1 (0.1 Ov))
19:47:16 [DEBUG] Wait 10s...
19:47:36 [DEBUG] No change (0/1 (0.1 Ov))
19:47:36 [DEBUG] Wait 10s...
19:47:56 [DEBUG] No change (0/1 (0.1 Ov))
19:47:56 [DEBUG] Wait 10s...
19:48:16 [DEBUG] No change (0/1 (0.1 Ov))
19:48:16 [DEBUG] Wait 10s...
19:48:37 [DEBUG] No change (0/1 (0.1 Ov))
19:48:37 [DEBUG] Wait 10s...
19:48:56 [DEBUG] No change (0/1 (0.1 Ov))
19:48:56 [DEBUG] Wait 10s...
19:49:19 [DEBUG] No change (0/1 (0.1 Ov))
19:49:19 [DEBUG] Wait 10s...
19:49:39 [DEBUG] No change (0/1 (0.1 Ov))
19:49:39 [DEBUG] Wait 10s...
19:50:00 [DEBUG] No change (0/1 (0.1 Ov))
19:50:00 [DEBUG] Wait 10s...
19:50:20 [DEBUG] No change (0/1 (0.1 Ov))
19:50:20 [DEBUG] Wait 10s...
19:50:40 [DEBUG] No change (0/1 (0.1 Ov))
19:50:40 [DEBUG] Wait 10s...
19:51:01 [DEBUG] No change (0/1 (0.1 Ov))
19:51:01 [DEBUG] Wait 10s...
19:51:21 [DEBUG] No change (0/1 (0.1 Ov))
19:51:21 [DEBUG] Wait 10s...
19:51:41 [DEBUG] No change (0/1 (0.1 Ov))
19:51:41 [DEBUG] Wait 10s...
19:52:01 [DEBUG] No change (0/1 (0.1 Ov))
19:52:01 [DEBUG] Wait 10s...
19:52:21 [DEBUG] No change (0/1 (0.1 Ov))
19:52:21 [DEBUG] Wait 10s...
19:52:42 [DEBUG] No change (0/1 (0.1 Ov))
19:52:42 [DEBUG] Wait 10s...
19:53:02 [DEBUG] No change (0/1 (0.1 Ov))
19:53:02 [DEBUG] Wait 10s...
19:53:22 [DEBUG] No change (0/1 (0.1 Ov))
19:53:22 [DEBUG] Wait 10s...
19:53:41 [DEBUG] No change (0/1 (0.1 Ov))
19:53:41 [DEBUG] Wait 10s...
19:54:01 [DEBUG] No change (0/1 (0.1 Ov))
19:54:01 [DEBUG] Wait 10s...
19:54:22 [DEBUG] No change (0/1 (0.1 Ov))
19:54:22 [DEBUG] Wait 10s...
19:54:41 [DEBUG] No change (0/1 (0.1 Ov))
19:54:41 [DEBUG] Wait 10s...
19:55:01 [DEBUG] No change (0/1 (0.1 Ov))
19:55:01 [DEBUG] Wait 10s...
19:55:20 [DEBUG] No change (0/1 (0.1 Ov))
19:55:20 [DEBUG] Wait 10s...
19:55:40 [DEBUG] No change (0/1 (0.1 Ov))
19:55:40 [DEBUG] Wait 10s...
19:55:59 [DEBUG] No change (0/1 (0.1 Ov))
19:55:59 [DEBUG] Wait 10s...
19:56:21 [DEBUG] No change (0/1 (0.1 Ov))
19:56:21 [DEBUG] Wait 10s...
19:56:40 [DEBUG] No change (0/1 (0.1 Ov))
19:56:40 [DEBUG] Wait 10s...
19:57:01 [DEBUG] No change (0/1 (0.1 Ov))
19:57:01 [DEBUG] Wait 10s...
19:57:21 [DEBUG] No change (0/1 (0.1 Ov))
19:57:21 [DEBUG] Wait 10s...
19:57:41 [DEBUG] No change (0/1 (0.1 Ov))
19:57:41 [DEBUG] Wait 10s...
19:58:05 [DEBUG] No change (0/1 (0.1 Ov))
19:58:05 [DEBUG] Wait 10s...
19:58:25 [DEBUG] No change (0/1 (0.1 Ov))
19:58:25 [DEBUG] Wait 10s...
19:58:45 [DEBUG] No change (0/1 (0.1 Ov))
19:58:45 [DEBUG] Wait 10s...
19:59:05 [DEBUG] No change (0/1 (0.1 Ov))
19:59:05 [DEBUG] Wait 10s...
19:59:25 [DEBUG] No change (0/1 (0.1 Ov))
19:59:25 [DEBUG] Wait 10s...
19:59:45 [DEBUG] No change (0/1 (0.1 Ov))
19:59:45 [DEBUG] Wait 10s...
20:00:04 [DEBUG] No change (0/1 (0.1 Ov))
20:00:04 [DEBUG] Wait 10s...
20:00:25 [DEBUG] No change (0/1 (0.1 Ov))
20:00:25 [DEBUG] Wait 10s...
20:00:54 [DEBUG] No change (0/1 (0.1 Ov))
20:00:54 [DEBUG] Wait 10s...
20:01:14 [DEBUG] No change (0/1 (0.1 Ov))
20:01:14 [DEBUG] Wait 10s...
20:01:34 [DEBUG] No change (0/1 (0.1 Ov))
20:01:34 [DEBUG] Wait 10s...
20:01:54 [DEBUG] No change (0/1 (0.1 Ov))
20:01:54 [DEBUG] Wait 10s...
20:02:34 [DEBUG] No change (0/1 (0.1 Ov))
20:02:34 [DEBUG] Wait 10s...
20:02:57 [DEBUG] No change (0/1 (0.1 Ov))
20:02:57 [DEBUG] Wait 10s...
20:03:17 [DEBUG] No change (0/1 (0.1 Ov))
20:03:17 [DEBUG] Wait 10s...
20:03:38 [DEBUG] No change (0/1 (0.1 Ov))
20:03:38 [DEBUG] Wait 10s...
20:03:58 [DEBUG] No change (0/1 (0.1 Ov))
20:03:58 [DEBUG] Wait 10s...
20:04:19 [DEBUG] No change (0/1 (0.1 Ov))
20:04:19 [DEBUG] Wait 10s...
20:04:38 [DEBUG] No change (0/1 (0.1 Ov))
20:04:38 [DEBUG] Wait 10s...
20:04:59 [DEBUG] No change (0/1 (0.1 Ov))
20:04:59 [DEBUG] Wait 10s...
20:05:20 [DEBUG] No change (0/1 (0.1 Ov))
20:05:20 [DEBUG] Wait 10s...
20:05:39 [DEBUG] No change (0/1 (0.1 Ov))
20:05:39 [DEBUG] Wait 10s...
20:05:59 [DEBUG] No change (0/1 (0.1 Ov))
20:05:59 [DEBUG] Wait 10s...
20:06:20 [DEBUG] No change (0/1 (0.1 Ov))
20:06:20 [DEBUG] Wait 10s...
20:06:40 [DEBUG] No change (0/1 (0.1 Ov))
20:06:40 [DEBUG] Wait 10s...
20:07:00 [DEBUG] No change (0/1 (0.1 Ov))
20:07:00 [DEBUG] Wait 10s...
20:07:20 [DEBUG] No change (0/1 (0.1 Ov))
20:07:20 [DEBUG] Wait 10s...
20:07:41 [DEBUG] No change (0/1 (0.1 Ov))
20:07:41 [DEBUG] Wait 10s...
20:08:05 [DEBUG] No change (0/1 (0.1 Ov))
20:08:05 [DEBUG] Wait 10s...
20:08:25 [DEBUG] No change (0/1 (0.1 Ov))
20:08:25 [DEBUG] Wait 10s...
20:08:45 [DEBUG] No change (0/1 (0.1 Ov))
20:08:45 [DEBUG] Wait 10s...
20:09:06 [DEBUG] No change (0/1 (0.1 Ov))
20:09:06 [DEBUG] Wait 10s...
20:09:26 [DEBUG] No change (0/1 (0.1 Ov))
20:09:26 [DEBUG] Wait 10s...
20:09:46 [DEBUG] No change (0/1 (0.1 Ov))
20:09:46 [DEBUG] Wait 10s...
20:10:07 [DEBUG] No change (0/1 (0.1 Ov))
20:10:07 [DEBUG] Wait 10s...
20:10:26 [DEBUG] No change (0/1 (0.1 Ov))
20:10:26 [DEBUG] Wait 10s...
20:10:46 [DEBUG] No change (0/1 (0.1 Ov))
20:10:46 [DEBUG] Wait 10s...
20:11:05 [DEBUG] No change (0/1 (0.1 Ov))
20:11:05 [DEBUG] Wait 10s...
20:11:25 [DEBUG] No change (0/1 (0.1 Ov))
20:11:25 [DEBUG] Wait 10s...
20:11:45 [DEBUG] No change (0/1 (0.1 Ov))
20:11:45 [DEBUG] Wait 10s...
20:12:05 [DEBUG] No change (0/1 (0.1 Ov))
20:12:05 [DEBUG] Wait 10s...
20:12:25 [DEBUG] No change (0/1 (0.1 Ov))
20:12:25 [DEBUG] Wait 10s...
20:12:46 [DEBUG] No change (0/1 (0.1 Ov))
20:12:46 [DEBUG] Wait 10s...
20:13:07 [DEBUG] No change (0/1 (0.1 Ov))
20:13:07 [DEBUG] Wait 10s...
20:13:28 [DEBUG] No change (0/1 (0.1 Ov))
20:13:28 [DEBUG] Wait 10s...
20:13:47 [DEBUG] No change (0/1 (0.1 Ov))
20:13:47 [DEBUG] Wait 10s...
20:14:07 [DEBUG] No change (0/1 (0.1 Ov))
20:14:07 [DEBUG] Wait 10s...
20:14:27 [DEBUG] No change (0/1 (0.1 Ov))
20:14:27 [DEBUG] Wait 10s...
20:14:47 [DEBUG] No change (0/1 (0.1 Ov))
20:14:47 [DEBUG] Wait 10s...
20:15:09 [DEBUG] No change (0/1 (0.1 Ov))
20:15:09 [DEBUG] Wait 10s...
20:15:33 [DEBUG] No change (0/1 (0.1 Ov))
20:15:33 [DEBUG] Wait 10s...
20:15:53 [DEBUG] No change (0/1 (0.1 Ov))
20:15:53 [DEBUG] Wait 10s...
20:16:15 [DEBUG] No change (0/1 (0.1 Ov))
20:16:15 [DEBUG] Wait 10s...
20:16:34 [DEBUG] No change (0/1 (0.1 Ov))
20:16:34 [DEBUG] Wait 10s...
20:16:54 [DEBUG] No change (0/1 (0.1 Ov))
20:16:54 [DEBUG] Wait 10s...
20:17:15 [DEBUG] No change (0/1 (0.1 Ov))
20:17:15 [DEBUG] Wait 10s...
20:17:41 [DEBUG] No change (0/1 (0.1 Ov))
20:17:41 [DEBUG] Wait 10s...
20:18:06 [DEBUG] No change (0/1 (0.1 Ov))
20:18:06 [DEBUG] Wait 10s...
20:18:26 [DEBUG] No change (0/1 (0.1 Ov))
20:18:26 [DEBUG] Wait 10s...
20:18:46 [DEBUG] No change (0/1 (0.1 Ov))
20:18:46 [DEBUG] Wait 10s...
20:19:05 [DEBUG] No change (0/1 (0.1 Ov))
20:19:05 [DEBUG] Wait 10s...
20:19:25 [DEBUG] No change (0/1 (0.1 Ov))
20:19:25 [DEBUG] Wait 10s...
20:19:44 [DEBUG] No change (0/1 (0.1 Ov))
20:19:44 [DEBUG] Wait 10s...
20:20:05 [DEBUG] No change (0/1 (0.1 Ov))
20:20:05 [DEBUG] Wait 10s...
20:20:25 [DEBUG] No change (0/1 (0.1 Ov))
20:20:25 [DEBUG] Wait 10s...
20:20:45 [DEBUG] No change (0/1 (0.1 Ov))
20:20:45 [DEBUG] Wait 10s...
20:21:05 [DEBUG] No change (0/1 (0.1 Ov))
20:21:05 [DEBUG] Wait 10s...
20:21:26 [DEBUG] No change (0/1 (0.1 Ov))
20:21:26 [DEBUG] Wait 10s...
20:21:46 [DEBUG] No change (0/1 (0.1 Ov))
20:21:46 [DEBUG] Wait 10s...
20:22:05 [DEBUG] No change (0/1 (0.1 Ov))
20:22:05 [DEBUG] Wait 10s...
20:22:25 [DEBUG] No change (0/1 (0.1 Ov))
20:22:25 [DEBUG] Wait 10s...
20:22:44 [DEBUG] No change (0/1 (0.1 Ov))
20:22:44 [DEBUG] Wait 10s...
20:23:04 [DEBUG] No change (0/1 (0.1 Ov))
20:23:04 [DEBUG] Wait 10s...
20:23:24 [DEBUG] No change (0/1 (0.1 Ov))
20:23:24 [DEBUG] Wait 10s...
20:23:44 [DEBUG] No change (0/1 (0.1 Ov))
20:23:44 [DEBUG] Wait 10s...
20:24:03 [DEBUG] No change (0/1 (0.1 Ov))
20:24:03 [DEBUG] Wait 10s...
20:24:23 [DEBUG] No change (0/1 (0.1 Ov))
20:24:23 [DEBUG] Wait 10s...
20:24:42 [DEBUG] No change (0/1 (0.1 Ov))
20:24:42 [DEBUG] Wait 10s...
20:25:28 [INFO] =======================================
20:25:28 [INFO]   CRICHEROES TOURNAMENT AUTO-TRACKER   
20:25:28 [INFO] =======================================
20:25:28 [INFO] Anti-Sleep Override: ENABLED
20:25:28 [INFO] Tournament: https://cricheroes.com/tournament/1935786/gsrc-sukg-league-2026
20:25:28 [INFO] KVDB: https://kvdb.io/BYZVP2VXarW5EsxpLJoD9M/score
20:25:28 [INFO] Headless: False
20:25:28 [INFO] Starting browser...
20:25:34 [INFO] 
Checking Tournament Page for LIVE matches...
20:25:47 [INFO] LIVE match found: https://cricheroes.com/scorecard/23404157/gsrc-sukg-league-2026/team-e-super-sapphire-vs-team-a-diamond-daredevils/live
20:25:47 [INFO] --- SCRAPING LIVE MATCH ---
20:25:47 [INFO] URL: https://cricheroes.com/scorecard/23404157/gsrc-sukg-league-2026/team-e-super-sapphire-vs-team-a-diamond-daredevils/live
20:25:57 [INFO] Broadcasted -> Team E- Super Sapphire vs Team A Diamond Daredevils: 0/1 (0.1 Ov) (LIVE)
20:25:57 [DEBUG] Wait 10s...
20:26:18 [DEBUG] No change (0/1 (0.1 Ov))
20:26:18 [DEBUG] Wait 10s...
20:26:38 [DEBUG] No change (0/1 (0.1 Ov))
20:26:38 [DEBUG] Wait 10s...
20:26:58 [DEBUG] No change (0/1 (0.1 Ov))
20:26:58 [DEBUG] Wait 10s...
20:27:19 [DEBUG] No change (0/1 (0.1 Ov))
20:27:19 [DEBUG] Wait 10s...
20:27:41 [DEBUG] Heartbeat push (0/1 (0.1 Ov))
20:27:41 [DEBUG] Wait 10s...
20:28:02 [DEBUG] No change (0/1 (0.1 Ov))
20:28:02 [DEBUG] Wait 10s...
20:28:22 [DEBUG] No change (0/1 (0.1 Ov))
20:28:22 [DEBUG] Wait 10s...
20:28:44 [DEBUG] No change (0/1 (0.1 Ov))
20:28:44 [DEBUG] Wait 10s...
20:29:05 [DEBUG] No change (0/1 (0.1 Ov))
20:29:05 [DEBUG] Wait 10s...
20:29:27 [DEBUG] Heartbeat push (0/1 (0.1 Ov))
20:29:27 [DEBUG] Wait 10s...
20:29:47 [DEBUG] No change (0/1 (0.1 Ov))
20:29:47 [DEBUG] Wait 10s...
20:30:08 [DEBUG] No change (0/1 (0.1 Ov))
20:30:09 [DEBUG] Wait 10s...
20:30:28 [DEBUG] No change (0/1 (0.1 Ov))
20:30:28 [DEBUG] Wait 10s...
20:30:49 [DEBUG] No change (0/1 (0.1 Ov))
20:30:49 [DEBUG] Wait 10s...
20:31:20 [DEBUG] Heartbeat push (0/1 (0.1 Ov))
20:31:20 [DEBUG] Wait 10s...
20:31:42 [DEBUG] No change (0/1 (0.1 Ov))
20:31:42 [DEBUG] Wait 10s...
20:32:02 [DEBUG] No change (0/1 (0.1 Ov))
20:32:02 [DEBUG] Wait 10s...
20:32:22 [DEBUG] No change (0/1 (0.1 Ov))
20:32:22 [DEBUG] Wait 10s...
20:32:42 [DEBUG] No change (0/1 (0.1 Ov))
20:32:42 [DEBUG] Wait 10s...
20:33:04 [DEBUG] Heartbeat push (0/1 (0.1 Ov))
20:33:04 [DEBUG] Wait 10s...
20:33:26 [DEBUG] No change (0/1 (0.1 Ov))
20:33:26 [DEBUG] Wait 10s...
20:33:51 [INFO] =======================================
20:33:51 [INFO]   CRICHEROES TOURNAMENT AUTO-TRACKER   
20:33:51 [INFO] =======================================
20:33:51 [INFO] Anti-Sleep Override: ENABLED
20:33:51 [INFO] Tournament: https://cricheroes.com/scorecard/23349783/pcc-pearl-night-s-x
20:33:51 [INFO] KVDB: https://kvdb.io/BYZVP2VXarW5EsxpLJoD9M/score
20:33:51 [INFO] Headless: False
20:33:51 [INFO] Starting browser...
20:33:56 [INFO] 
Directly scraping LIVE match:
https://cricheroes.com/scorecard/23349783/pcc-pearl-night-s-x
20:33:56 [INFO] --- SCRAPING LIVE MATCH ---
20:33:56 [INFO] URL: https://cricheroes.com/scorecard/23349783/pcc-pearl-night-s-x
20:34:06 [WARNING] Could not extract score data
20:34:06 [DEBUG] Wait 10s...
20:34:27 [WARNING] Could not extract score data
20:34:27 [DEBUG] Wait 10s...
20:34:47 [WARNING] Could not extract score data
20:34:47 [DEBUG] Wait 10s...
20:35:06 [WARNING] Could not extract score data
20:35:06 [DEBUG] Wait 10s...
20:35:26 [WARNING] Could not extract score data
20:35:26 [DEBUG] Wait 10s...
20:35:46 [WARNING] Could not extract score data
20:35:46 [DEBUG] Wait 10s...
20:36:06 [WARNING] Could not extract score data
20:36:06 [DEBUG] Wait 10s...
20:36:25 [WARNING] Could not extract score data
20:36:25 [DEBUG] Wait 10s...
20:36:44 [WARNING] Could not extract score data
20:36:44 [DEBUG] Wait 10s...
20:37:03 [WARNING] Could not extract score data
20:37:03 [DEBUG] Wait 10s...
20:37:23 [WARNING] Could not extract score data
20:37:23 [DEBUG] Wait 10s...
20:37:42 [WARNING] Could not extract score data
20:37:42 [DEBUG] Wait 10s...
20:38:01 [WARNING] Could not extract score data
20:38:01 [DEBUG] Wait 10s...
20:38:21 [WARNING] Could not extract score data
20:38:21 [DEBUG] Wait 10s...
20:38:39 [WARNING] Could not extract score data
20:38:39 [DEBUG] Wait 10s...
20:38:59 [WARNING] Could not extract score data
20:38:59 [DEBUG] Wait 10s...
20:39:19 [WARNING] Could not extract score data
20:39:19 [DEBUG] Wait 10s...
20:39:39 [WARNING] Could not extract score data
20:39:39 [DEBUG] Wait 10s...
20:40:01 [WARNING] Could not extract score data
20:40:01 [DEBUG] Wait 10s...
20:40:21 [WARNING] Could not extract score data
20:40:21 [DEBUG] Wait 10s...
20:40:41 [WARNING] Could not extract score data
20:40:41 [DEBUG] Wait 10s...
20:41:00 [WARNING] Could not extract score data
20:41:00 [DEBUG] Wait 10s...
20:41:20 [WARNING] Could not extract score data
20:41:20 [DEBUG] Wait 10s...
20:41:39 [WARNING] Could not extract score data
20:41:39 [DEBUG] Wait 10s...
20:42:00 [WARNING] Could not extract score data
20:42:00 [DEBUG] Wait 10s...
20:42:21 [WARNING] Could not extract score data
20:42:21 [DEBUG] Wait 10s...
20:42:58 [INFO] =======================================
20:42:58 [INFO]   CRICHEROES TOURNAMENT AUTO-TRACKER   
20:42:58 [INFO] =======================================
20:42:58 [INFO] Anti-Sleep Override: ENABLED
20:42:58 [INFO] Tournament: https://cricheroes.com/scorecard/23349783/pcc-pearl-night-s-x
20:42:58 [INFO] KVDB: https://kvdb.io/BYZVP2VXarW5EsxpLJoD9M/score
20:42:58 [INFO] Headless: False
20:42:58 [INFO] Starting browser...
20:43:02 [INFO] 
Directly scraping LIVE match:
https://cricheroes.com/scorecard/23349783/pcc-pearl-night-s-x
20:43:02 [INFO] --- SCRAPING LIVE MATCH ---
20:43:02 [INFO] URL: https://cricheroes.com/scorecard/23349783/pcc-pearl-night-s-x
20:43:10 [WARNING] Could not extract score data
20:43:10 [DEBUG] Wait 10s...
20:43:30 [WARNING] Could not extract score data
20:43:30 [DEBUG] Wait 10s...
20:43:49 [WARNING] Could not extract score data
20:43:49 [DEBUG] Wait 10s...
20:44:09 [WARNING] Could not extract score data
20:44:09 [DEBUG] Wait 10s...
20:44:28 [WARNING] Could not extract score data
20:44:28 [DEBUG] Wait 10s...
20:44:47 [WARNING] Could not extract score data
20:44:47 [DEBUG] Wait 10s...
20:45:06 [WARNING] Could not extract score data
20:45:06 [DEBUG] Wait 10s...
20:45:26 [WARNING] Could not extract score data
20:45:26 [DEBUG] Wait 10s...
20:45:45 [WARNING] Could not extract score data
20:45:45 [DEBUG] Wait 10s...
20:46:01 [INFO] =======================================
20:46:01 [INFO]   CRICHEROES TOURNAMENT AUTO-TRACKER   
20:46:01 [INFO] =======================================
20:46:01 [INFO] Anti-Sleep Override: ENABLED
20:46:01 [INFO] Tournament: https://cricheroes.com/scorecard/23349783/pcc-pearl-night-s-x
20:46:01 [INFO] KVDB: https://kvdb.io/BYZVP2VXarW5EsxpLJoD9M/score
20:46:01 [INFO] Headless: False
20:46:01 [INFO] Starting browser...
20:46:05 [WARNING] Could not extract score data
20:46:05 [DEBUG] Wait 10s...
20:46:06 [INFO] 
Directly scraping LIVE match:
https://cricheroes.com/scorecard/23349783/pcc-pearl-night-s-x
20:46:06 [INFO] --- SCRAPING LIVE MATCH ---
20:46:07 [INFO] URL: https://cricheroes.com/scorecard/23349783/pcc-pearl-night-s-x
20:46:17 [WARNING] Could not extract score data
20:46:17 [DEBUG] Wait 10s...
20:46:25 [WARNING] Could not extract score data
20:46:25 [DEBUG] Wait 10s...
20:46:37 [WARNING] Could not extract score data
20:46:37 [DEBUG] Wait 10s...
20:46:45 [WARNING] Could not extract score data
20:46:45 [DEBUG] Wait 10s...
20:46:57 [WARNING] Could not extract score data
20:46:57 [DEBUG] Wait 10s...
20:47:05 [WARNING] Could not extract score data
20:47:05 [DEBUG] Wait 10s...
20:47:16 [WARNING] Could not extract score data
20:47:16 [DEBUG] Wait 10s...
20:47:24 [WARNING] Could not extract score data
20:47:24 [DEBUG] Wait 10s...
20:47:44 [WARNING] Could not extract score data
20:47:44 [DEBUG] Wait 10s...
20:48:03 [WARNING] Could not extract score data
20:48:03 [DEBUG] Wait 10s...
20:48:22 [WARNING] Could not extract score data
20:48:22 [DEBUG] Wait 10s...
20:53:34 [INFO] =======================================
20:53:34 [INFO]   CRICHEROES TOURNAMENT AUTO-TRACKER   
20:53:34 [INFO] =======================================
20:53:34 [INFO] Anti-Sleep Override: ENABLED
20:53:34 [INFO] Tournament: https://cricheroes.com/tournament/1860056/pcc-pearl-night-s-x
20:53:34 [INFO] KVDB: https://kvdb.io/BYZVP2VXarW5EsxpLJoD9M/score
20:53:34 [INFO] Headless: False
20:53:34 [INFO] Starting browser...
20:53:39 [INFO] 
Checking Tournament Page for LIVE matches...
20:53:51 [INFO] LIVE match found: https://cricheroes.com/scorecard/23349783/pcc-pearl-night-s-x/nellore-challengers-vs-deadline-demons/live
20:53:51 [INFO] --- SCRAPING LIVE MATCH ---
20:53:51 [INFO] URL: https://cricheroes.com/scorecard/23349783/pcc-pearl-night-s-x/nellore-challengers-vs-deadline-demons/live
20:54:00 [INFO] Broadcasted -> Nellore Challengers vs Deadline Demons: 195/4 (18.0 Ov) (LIVE)
20:54:00 [DEBUG] Wait 10s...
20:54:31 [INFO] Broadcasted -> Nellore Challengers vs Deadline Demons: 197/4 (18.1 Ov) (LIVE)
20:54:31 [DEBUG] Wait 10s...
20:54:58 [INFO] Broadcasted -> Nellore Challengers vs Deadline Demons: 199/4 (18.3 Ov) (LIVE)
20:54:58 [DEBUG] Wait 10s...
20:55:23 [INFO] Broadcasted -> Nellore Challengers vs Deadline Demons: 199/4 (18.4 Ov) (LIVE)
20:55:23 [DEBUG] Wait 10s...
20:55:48 [INFO] Broadcasted -> Nellore Challengers vs Deadline Demons: 201/4 (18.5 Ov) (LIVE)
20:55:48 [DEBUG] Wait 10s...
20:56:11 [DEBUG] No change (201/4 (18.5 Ov))
20:56:11 [DEBUG] Wait 10s...
20:56:35 [INFO] Broadcasted -> Nellore Challengers vs Deadline Demons: 207/4 (19.0 Ov) (LIVE)
20:56:35 [DEBUG] Wait 10s...
20:57:00 [INFO] Broadcasted -> Nellore Challengers vs Deadline Demons: 207/4 (19.0 Ov) (LIVE)
20:57:00 [DEBUG] Wait 10s...
20:57:22 [DEBUG] No change (207/4 (19.0 Ov))
20:57:22 [DEBUG] Wait 10s...
20:57:45 [DEBUG] No change (207/4 (19.0 Ov))
20:57:45 [DEBUG] Wait 10s...
20:58:09 [INFO] Broadcasted -> Nellore Challengers vs Deadline Demons: 212/4 (19.0 Ov) (LIVE)
20:58:09 [DEBUG] Wait 10s...
20:58:35 [INFO] Broadcasted -> Nellore Challengers vs Deadline Demons: 213/4 (19.1 Ov) (LIVE)
20:58:35 [DEBUG] Wait 10s...
20:59:00 [INFO] Broadcasted -> Nellore Challengers vs Deadline Demons: 219/4 (19.2 Ov) (LIVE)
20:59:00 [DEBUG] Wait 10s...
20:59:27 [INFO] Broadcasted -> Nellore Challengers vs Deadline Demons: 220/4 (19.3 Ov) (LIVE)
20:59:27 [DEBUG] Wait 10s...
20:59:50 [INFO] Broadcasted -> Nellore Challengers vs Deadline Demons: 221/4 (19.4 Ov) (LIVE)
20:59:50 [DEBUG] Wait 10s...
21:00:13 [INFO] Broadcasted -> Nellore Challengers vs Deadline Demons: 222/4 (19.4 Ov) (LIVE)
21:00:13 [DEBUG] Wait 10s...
21:10:55 [INFO] =======================================
21:10:55 [INFO]   CRICHEROES TOURNAMENT AUTO-TRACKER   
21:10:55 [INFO] =======================================
21:10:55 [INFO] Anti-Sleep Override: ENABLED
21:10:55 [INFO] Tournament: https://cricheroes.com/tournament/1860056/pcc-pearl-night-s-x
21:10:55 [INFO] KVDB: https://kvdb.io/BYZVP2VXarW5EsxpLJoD9M/score
21:10:55 [INFO] Headless: False
21:10:55 [INFO] Starting browser...
21:10:58 [INFO] 
Checking Tournament Page for LIVE matches...
21:11:09 [INFO] LIVE match found: https://cricheroes.com/scorecard/23349783/pcc-pearl-night-s-x/nellore-challengers-vs-deadline-demons/live
21:11:09 [INFO] --- SCRAPING LIVE MATCH ---
21:11:09 [INFO] URL: https://cricheroes.com/scorecard/23349783/pcc-pearl-night-s-x/nellore-challengers-vs-deadline-demons/live
21:11:21 [INFO] Broadcasted -> Nellore Challengers vs Deadline Demons: 228/4 (20.0 Ov) (LIVE)
21:11:21 [DEBUG] Wait 10s...
21:11:42 [DEBUG] No change (228/4 (20.0 Ov))
21:11:42 [DEBUG] Wait 10s...
21:12:05 [INFO] Broadcasted -> Nellore Challengers vs Deadline Demons: Yet to bat (0.0 Ov) (LIVE)
21:12:05 [DEBUG] Wait 10s...
21:12:28 [INFO] Broadcasted -> Nellore Challengers vs Deadline Demons: 0/0 (0.1 Ov) (LIVE)
21:12:28 [DEBUG] Wait 10s...
21:12:48 [DEBUG] No change (0/0 (0.1 Ov))
21:12:48 [DEBUG] Wait 10s...
21:13:11 [INFO] Broadcasted -> Nellore Challengers vs Deadline Demons: 1/0 (0.2 Ov) (LIVE)
21:13:11 [DEBUG] Wait 10s...
21:13:31 [DEBUG] No change (1/0 (0.2 Ov))
21:13:31 [DEBUG] Wait 10s...
21:13:53 [INFO] Broadcasted -> Nellore Challengers vs Deadline Demons: 5/0 (0.3 Ov) (LIVE)
21:13:53 [DEBUG] Wait 10s...
21:14:14 [DEBUG] No change (5/0 (0.3 Ov))
21:14:14 [DEBUG] Wait 10s...
21:14:35 [INFO] Broadcasted -> Nellore Challengers vs Deadline Demons: 5/0 (0.4 Ov) (LIVE)
21:14:35 [DEBUG] Wait 10s...
21:14:58 [INFO] Broadcasted -> Nellore Challengers vs Deadline Demons: 9/0 (0.5 Ov) (LIVE)
21:14:58 [DEBUG] Wait 10s...
21:15:18 [DEBUG] No change (9/0 (0.5 Ov))
21:15:18 [DEBUG] Wait 10s...
21:15:41 [INFO] Broadcasted -> Nellore Challengers vs Deadline Demons: 9/0 (1.0 Ov) (LIVE)
21:15:41 [DEBUG] Wait 10s...
21:16:04 [INFO] Broadcasted -> Nellore Challengers vs Deadline Demons: 9/0 (1.0 Ov) (LIVE)
21:16:04 [DEBUG] Wait 10s...
21:16:26 [DEBUG] No change (9/0 (1.0 Ov))
21:16:26 [DEBUG] Wait 10s...
21:16:48 [INFO] Broadcasted -> Nellore Challengers vs Deadline Demons: 13/0 (1.1 Ov) (LIVE)
21:16:48 [DEBUG] Wait 10s...
21:17:08 [DEBUG] No change (13/0 (1.1 Ov))
21:17:08 [DEBUG] Wait 10s...
21:17:30 [INFO] Broadcasted -> Nellore Challengers vs Deadline Demons: 13/0 (1.2 Ov) (LIVE)
21:17:30 [DEBUG] Wait 10s...
21:17:53 [INFO] Broadcasted -> Nellore Challengers vs Deadline Demons: 15/0 (1.3 Ov) (LIVE)
21:17:53 [DEBUG] Wait 10s...
21:18:15 [DEBUG] No change (15/0 (1.3 Ov))
21:18:15 [DEBUG] Wait 10s...
21:18:36 [DEBUG] No change (15/0 (1.3 Ov))
21:18:36 [DEBUG] Wait 10s...
21:18:58 [INFO] Broadcasted -> Nellore Challengers vs Deadline Demons: 15/1 (1.4 Ov) (LIVE)
21:18:58 [DEBUG] Wait 10s...
21:19:19 [DEBUG] No change (15/1 (1.4 Ov))
21:19:19 [DEBUG] Wait 10s...
21:19:42 [DEBUG] No change (15/1 (1.4 Ov))
21:19:42 [DEBUG] Wait 10s...
21:20:05 [INFO] Broadcasted -> Nellore Challengers vs Deadline Demons: 15/1 (1.4 Ov) (LIVE)
21:20:05 [DEBUG] Wait 10s...
21:20:28 [INFO] Broadcasted -> Nellore Challengers vs Deadline Demons: 15/1 (1.5 Ov) (LIVE)
21:20:28 [DEBUG] Wait 10s...
21:20:51 [INFO] Broadcasted -> Nellore Challengers vs Deadline Demons: 16/1 (2.0 Ov) (LIVE)
21:20:51 [DEBUG] Wait 10s...
21:21:15 [INFO] Broadcasted -> Nellore Challengers vs Deadline Demons: 16/1 (2.0 Ov) (LIVE)
21:21:15 [DEBUG] Wait 10s...
21:21:36 [DEBUG] No change (16/1 (2.0 Ov))
21:21:36 [DEBUG] Wait 10s...
21:21:59 [INFO] Broadcasted -> Nellore Challengers vs Deadline Demons: 16/1 (2.1 Ov) (LIVE)
21:21:59 [DEBUG] Wait 10s...
21:22:22 [INFO] Broadcasted -> Nellore Challengers vs Deadline Demons: 18/1 (2.2 Ov) (LIVE)
21:22:22 [DEBUG] Wait 10s...
21:22:46 [INFO] Broadcasted -> Nellore Challengers vs Deadline Demons: 19/1 (2.3 Ov) (LIVE)
21:22:46 [DEBUG] Wait 10s...
21:23:08 [INFO] Broadcasted -> Nellore Challengers vs Deadline Demons: 23/1 (2.4 Ov) (LIVE)
21:23:08 [DEBUG] Wait 10s...
21:23:29 [DEBUG] No change (23/1 (2.4 Ov))
21:23:29 [DEBUG] Wait 10s...
21:23:53 [INFO] Broadcasted -> Nellore Challengers vs Deadline Demons: 27/1 (2.5 Ov) (LIVE)
21:23:53 [DEBUG] Wait 10s...
21:24:15 [DEBUG] No change (27/1 (2.5 Ov))
21:24:15 [DEBUG] Wait 10s...
21:24:39 [INFO] Broadcasted -> Nellore Challengers vs Deadline Demons: 31/1 (3.0 Ov) (LIVE)
21:24:39 [DEBUG] Wait 10s...
21:25:03 [INFO] Broadcasted -> Nellore Challengers vs Deadline Demons: 31/1 (3.0 Ov) (LIVE)
21:25:03 [DEBUG] Wait 10s...
21:25:24 [DEBUG] No change (31/1 (3.0 Ov))
21:25:24 [DEBUG] Wait 10s...
21:25:47 [INFO] Broadcasted -> Nellore Challengers vs Deadline Demons: 31/1 (3.1 Ov) (LIVE)
21:25:47 [DEBUG] Wait 10s...
21:26:11 [INFO] Broadcasted -> Nellore Challengers vs Deadline Demons: 31/1 (3.2 Ov) (LIVE)
21:26:11 [DEBUG] Wait 10s...
21:26:36 [INFO] Broadcasted -> Nellore Challengers vs Deadline Demons: 32/1 (3.3 Ov) (LIVE)
21:26:36 [DEBUG] Wait 10s...
21:26:58 [DEBUG] No change (32/1 (3.3 Ov))
21:26:58 [DEBUG] Wait 10s...
21:27:22 [INFO] Broadcasted -> Nellore Challengers vs Deadline Demons: 32/1 (3.4 Ov) (LIVE)
21:27:22 [DEBUG] Wait 10s...
21:27:47 [INFO] Broadcasted -> Nellore Challengers vs Deadline Demons: 33/1 (3.5 Ov) (LIVE)
21:27:47 [DEBUG] Wait 10s...
21:28:11 [INFO] Broadcasted -> Nellore Challengers vs Deadline Demons: 33/1 (4.0 Ov) (LIVE)
21:28:11 [DEBUG] Wait 10s...
21:28:34 [DEBUG] No change (33/1 (4.0 Ov))
21:28:34 [DEBUG] Wait 10s...
21:28:58 [INFO] Broadcasted -> Nellore Challengers vs Deadline Demons: 33/1 (4.0 Ov) (LIVE)
21:28:58 [DEBUG] Wait 10s...
21:29:19 [DEBUG] No change (33/1 (4.0 Ov))
21:29:19 [DEBUG] Wait 10s...
21:29:40 [DEBUG] No change (33/1 (4.0 Ov))
21:29:40 [DEBUG] Wait 10s...
21:30:03 [DEBUG] No change (33/1 (4.0 Ov))
21:30:03 [DEBUG] Wait 10s...
21:30:25 [INFO] Broadcasted -> Nellore Challengers vs Deadline Demons: 33/1 (4.1 Ov) (LIVE)
21:30:25 [DEBUG] Wait 10s...
21:30:50 [INFO] Broadcasted -> Nellore Challengers vs Deadline Demons: 39/1 (4.2 Ov) (LIVE)
21:30:50 [DEBUG] Wait 10s...
21:31:16 [INFO] Broadcasted -> Nellore Challengers vs Deadline Demons: 43/1 (4.3 Ov) (LIVE)
21:31:16 [DEBUG] Wait 10s...
21:31:40 [DEBUG] No change (43/1 (4.3 Ov))
21:31:40 [DEBUG] Wait 10s...
21:32:07 [INFO] Broadcasted -> Nellore Challengers vs Deadline Demons: 43/1 (4.4 Ov) (LIVE)
21:32:07 [DEBUG] Wait 10s...
21:32:34 [INFO] Broadcasted -> Nellore Challengers vs Deadline Demons: 49/1 (4.5 Ov) (LIVE)
21:32:34 [DEBUG] Wait 10s...
21:32:58 [DEBUG] No change (49/1 (4.5 Ov))
21:32:58 [DEBUG] Wait 10s...
21:33:21 [INFO] Broadcasted -> Nellore Challengers vs Deadline Demons: 49/2 (5.0 Ov) (LIVE)
21:33:21 [DEBUG] Wait 10s...
21:33:42 [DEBUG] No change (49/2 (5.0 Ov))
21:33:42 [DEBUG] Wait 10s...
21:34:04 [DEBUG] No change (49/2 (5.0 Ov))
21:34:04 [DEBUG] Wait 10s...
21:34:27 [DEBUG] No change (49/2 (5.0 Ov))
21:34:27 [DEBUG] Wait 10s...
21:38:02 [INFO] =======================================
21:38:02 [INFO]   CRICHEROES TOURNAMENT AUTO-TRACKER   
21:38:02 [INFO] =======================================
21:38:02 [INFO] Anti-Sleep Override: ENABLED
21:38:02 [INFO] Tournament: https://cricheroes.com/tournament/1860056/pcc-pearl-night-s-x
21:38:02 [INFO] KVDB: https://kvdb.io/BYZVP2VXarW5EsxpLJoD9M/score
21:38:02 [INFO] Headless: False
21:38:02 [INFO] Starting browser...
21:38:07 [INFO] 
Checking Tournament Page for LIVE matches...
21:38:20 [INFO] LIVE match found: https://cricheroes.com/scorecard/23349783/pcc-pearl-night-s-x/nellore-challengers-vs-deadline-demons/live
21:38:20 [INFO] --- SCRAPING LIVE MATCH ---
21:38:20 [INFO] URL: https://cricheroes.com/scorecard/23349783/pcc-pearl-night-s-x/nellore-challengers-vs-deadline-demons/live
21:38:31 [INFO] Broadcasted -> Nellore Challengers vs Deadline Demons: 52/3 (6.0 Ov) (Target: 229)
21:38:31 [DEBUG] Wait 10s...
21:38:54 [INFO] Broadcasted -> Nellore Challengers vs Deadline Demons: 52/3 (6.0 Ov) (Target: 229)
21:38:54 [DEBUG] Wait 10s...
21:39:17 [INFO] Broadcasted -> Nellore Challengers vs Deadline Demons: 54/3 (6.1 Ov) (Target: 229)
21:39:17 [DEBUG] Wait 10s...
21:39:38 [DEBUG] No change (54/3 (6.1 Ov))
21:39:38 [DEBUG] Wait 10s...
21:40:01 [INFO] Broadcasted -> Nellore Challengers vs Deadline Demons: 55/3 (6.2 Ov) (Target: 229)
21:40:01 [DEBUG] Wait 10s...
21:40:22 [DEBUG] No change (55/3 (6.2 Ov))
21:40:22 [DEBUG] Wait 10s...
21:40:46 [INFO] Broadcasted -> Nellore Challengers vs Deadline Demons: 57/3 (6.3 Ov) (Target: 229)
21:40:46 [DEBUG] Wait 10s...
21:41:12 [INFO] Broadcasted -> Nellore Challengers vs Deadline Demons: 61/3 (6.5 Ov) (Target: 229)
21:41:12 [DEBUG] Wait 10s...
21:41:34 [DEBUG] No change (61/3 (6.5 Ov))
21:41:34 [DEBUG] Wait 10s...
21:41:56 [DEBUG] No change (61/3 (6.5 Ov))
21:41:56 [DEBUG] Wait 10s...
21:42:20 [INFO] Broadcasted -> Nellore Challengers vs Deadline Demons: 62/3 (6.5 Ov) (Target: 229)
21:42:20 [DEBUG] Wait 10s...
21:42:44 [INFO] Broadcasted -> Nellore Challengers vs Deadline Demons: 63/3 (7.0 Ov) (Target: 229)
21:42:44 [DEBUG] Wait 10s...
21:43:07 [INFO] Broadcasted -> Nellore Challengers vs Deadline Demons: 63/3 (7.0 Ov) (Target: 229)
21:43:07 [DEBUG] Wait 10s...
21:43:33 [DEBUG] No change (63/3 (7.0 Ov))
21:43:33 [DEBUG] Wait 10s...
21:43:57 [INFO] Broadcasted -> Nellore Challengers vs Deadline Demons: 63/3 (7.1 Ov) (Target: 229)
21:43:57 [DEBUG] Wait 10s...
21:44:22 [INFO] Broadcasted -> Nellore Challengers vs Deadline Demons: 64/3 (7.2 Ov) (Target: 229)
21:44:22 [DEBUG] Wait 10s...
21:44:47 [INFO] Broadcasted -> Nellore Challengers vs Deadline Demons: 66/3 (7.3 Ov) (Target: 229)
21:44:47 [DEBUG] Wait 10s...
21:45:11 [INFO] Broadcasted -> Nellore Challengers vs Deadline Demons: 67/3 (7.5 Ov) (Target: 229)
21:45:11 [DEBUG] Wait 10s...
21:45:35 [INFO] Broadcasted -> Nellore Challengers vs Deadline Demons: 68/3 (8.0 Ov) (Target: 229)
21:45:35 [DEBUG] Wait 10s...
21:45:57 [DEBUG] No change (68/3 (8.0 Ov))
21:45:57 [DEBUG] Wait 10s...
21:46:20 [INFO] Broadcasted -> Nellore Challengers vs Deadline Demons: 70/3 (8.0 Ov) (Target: 229)
21:46:20 [DEBUG] Wait 10s...
21:46:42 [DEBUG] No change (70/3 (8.0 Ov))
21:46:42 [DEBUG] Wait 10s...
21:47:05 [INFO] Broadcasted -> Nellore Challengers vs Deadline Demons: 70/4 (8.1 Ov) (Target: 229)
21:47:05 [DEBUG] Wait 10s...
21:47:27 [DEBUG] No change (70/4 (8.1 Ov))
21:47:27 [DEBUG] Wait 10s...
21:47:48 [DEBUG] No change (70/4 (8.1 Ov))
21:47:48 [DEBUG] Wait 10s...
21:48:11 [INFO] Broadcasted -> Nellore Challengers vs Deadline Demons: 70/4 (8.1 Ov) (Target: 229)
21:48:11 [DEBUG] Wait 10s...
21:48:34 [INFO] Broadcasted -> Nellore Challengers vs Deadline Demons: 71/4 (8.2 Ov) (Target: 229)
21:48:34 [DEBUG] Wait 10s...
21:48:56 [DEBUG] No change (71/4 (8.2 Ov))
21:48:56 [DEBUG] Wait 10s...
21:49:19 [INFO] Broadcasted -> Nellore Challengers vs Deadline Demons: 72/4 (8.3 Ov) (Target: 229)
21:49:19 [DEBUG] Wait 10s...
21:49:43 [INFO] Broadcasted -> Nellore Challengers vs Deadline Demons: 73/4 (8.4 Ov) (Target: 229)
21:49:43 [DEBUG] Wait 10s...
21:50:06 [INFO] Broadcasted -> Nellore Challengers vs Deadline Demons: 77/4 (8.5 Ov) (Target: 229)
21:50:06 [DEBUG] Wait 10s...
21:50:27 [DEBUG] No change (77/4 (8.5 Ov))
21:50:27 [DEBUG] Wait 10s...
21:50:50 [INFO] Broadcasted -> Nellore Challengers vs Deadline Demons: 77/5 (9.0 Ov) (Target: 229)
21:50:50 [DEBUG] Wait 10s...
21:51:12 [DEBUG] No change (77/5 (9.0 Ov))
21:51:12 [DEBUG] Wait 10s...
21:51:35 [INFO] Broadcasted -> Nellore Challengers vs Deadline Demons: 77/5 (9.0 Ov) (Target: 229)
21:51:35 [DEBUG] Wait 10s...
21:51:57 [DEBUG] No change (77/5 (9.0 Ov))
21:51:57 [DEBUG] Wait 10s...
21:52:20 [INFO] Broadcasted -> Nellore Challengers vs Deadline Demons: 78/5 (9.1 Ov) (Target: 229)
21:52:20 [DEBUG] Wait 10s...
21:52:44 [INFO] Broadcasted -> Nellore Challengers vs Deadline Demons: 79/5 (9.2 Ov) (Target: 229)
21:52:44 [DEBUG] Wait 10s...
21:53:08 [INFO] Broadcasted -> Nellore Challengers vs Deadline Demons: 83/5 (9.3 Ov) (Target: 229)
21:53:08 [DEBUG] Wait 10s...
21:53:31 [DEBUG] No change (83/5 (9.3 Ov))
21:53:31 [DEBUG] Wait 10s...
21:53:55 [INFO] Broadcasted -> Nellore Challengers vs Deadline Demons: 83/5 (9.5 Ov) (Target: 229)
21:53:55 [DEBUG] Wait 10s...
21:54:19 [INFO] Broadcasted -> Nellore Challengers vs Deadline Demons: 87/5 (10.0 Ov) (Target: 229)
21:54:19 [DEBUG] Wait 10s...
21:54:41 [DEBUG] No change (87/5 (10.0 Ov))
21:54:41 [DEBUG] Wait 10s...
21:55:02 [DEBUG] No change (87/5 (10.0 Ov))
21:55:02 [DEBUG] Wait 10s...
21:55:23 [DEBUG] No change (87/5 (10.0 Ov))
21:55:23 [DEBUG] Wait 10s...
21:55:46 [INFO] Broadcasted -> Nellore Challengers vs Deadline Demons: 87/5 (10.0 Ov) (Target: 229)
21:55:46 [DEBUG] Wait 10s...
21:56:08 [DEBUG] No change (87/5 (10.0 Ov))
21:56:08 [DEBUG] Wait 10s...
21:56:30 [DEBUG] No change (87/5 (10.0 Ov))
21:56:30 [DEBUG] Wait 10s...
21:56:52 [DEBUG] No change (87/5 (10.0 Ov))
21:56:52 [DEBUG] Wait 10s...
21:57:16 [DEBUG] Heartbeat push (87/5 (10.0 Ov))
21:57:16 [DEBUG] Wait 10s...
21:57:40 [INFO] Broadcasted -> Nellore Challengers vs Deadline Demons: 87/5 (10.1 Ov) (Target: 229)
21:57:40 [DEBUG] Wait 10s...
21:58:05 [INFO] Broadcasted -> Nellore Challengers vs Deadline Demons: 87/5 (10.3 Ov) (Target: 229)
21:58:05 [DEBUG] Wait 10s...
21:58:29 [INFO] Broadcasted -> Nellore Challengers vs Deadline Demons: 88/5 (10.4 Ov) (Target: 229)
21:58:29 [DEBUG] Wait 10s...
21:58:52 [INFO] Broadcasted -> Nellore Challengers vs Deadline Demons: 89/5 (10.5 Ov) (Target: 229)
21:58:52 [DEBUG] Wait 10s...
21:59:15 [DEBUG] No change (89/5 (10.5 Ov))
21:59:15 [DEBUG] Wait 10s...
21:59:37 [INFO] Broadcasted -> Nellore Challengers vs Deadline Demons: 95/5 (11.0 Ov) (Target: 229)
21:59:37 [DEBUG] Wait 10s...
22:00:01 [INFO] Broadcasted -> Nellore Challengers vs Deadline Demons: 95/5 (11.0 Ov) (Target: 229)
22:00:01 [DEBUG] Wait 10s...
22:00:25 [INFO] Broadcasted -> Nellore Challengers vs Deadline Demons: 99/5 (11.1 Ov) (Target: 229)
22:00:25 [DEBUG] Wait 10s...
22:00:48 [INFO] Broadcasted -> Nellore Challengers vs Deadline Demons: 103/5 (11.2 Ov) (Target: 229)
22:00:48 [DEBUG] Wait 10s...
22:01:10 [DEBUG] No change (103/5 (11.2 Ov))
22:01:10 [DEBUG] Wait 10s...
22:01:37 [INFO] Broadcasted -> Nellore Challengers vs Deadline Demons: 103/5 (11.3 Ov) (Target: 229)
22:01:37 [DEBUG] Wait 10s...
22:02:03 [INFO] Broadcasted -> Nellore Challengers vs Deadline Demons: 104/5 (11.4 Ov) (Target: 229)
22:02:03 [DEBUG] Wait 10s...
22:02:29 [INFO] Broadcasted -> Nellore Challengers vs Deadline Demons: 105/5 (11.5 Ov) (Target: 229)
22:02:29 [DEBUG] Wait 10s...
22:02:55 [INFO] Broadcasted -> Nellore Challengers vs Deadline Demons: 106/5 (12.0 Ov) (Target: 229)
22:02:55 [DEBUG] Wait 10s...
22:03:20 [INFO] Broadcasted -> Nellore Challengers vs Deadline Demons: 106/5 (12.0 Ov) (Target: 229)
22:03:20 [DEBUG] Wait 10s...
22:03:47 [INFO] Broadcasted -> Nellore Challengers vs Deadline Demons: 106/5 (12.1 Ov) (Target: 229)
22:03:47 [DEBUG] Wait 10s...
22:04:10 [DEBUG] No change (106/5 (12.1 Ov))
22:04:10 [DEBUG] Wait 10s...
22:04:35 [INFO] Broadcasted -> Nellore Challengers vs Deadline Demons: 109/5 (12.3 Ov) (Target: 229)
22:04:35 [DEBUG] Wait 10s...
22:05:00 [INFO] Broadcasted -> Nellore Challengers vs Deadline Demons: 113/5 (12.4 Ov) (Target: 229)
22:05:00 [DEBUG] Wait 10s...
22:05:24 [DEBUG] No change (113/5 (12.4 Ov))
22:05:24 [DEBUG] Wait 10s...
22:05:49 [INFO] Broadcasted -> Nellore Challengers vs Deadline Demons: 114/5 (13.0 Ov) (Target: 229)
22:05:49 [DEBUG] Wait 10s...
22:06:14 [INFO] Broadcasted -> Nellore Challengers vs Deadline Demons: 114/5 (13.0 Ov) (Target: 229)
22:06:14 [DEBUG] Wait 10s...
22:06:37 [DEBUG] No change (114/5 (13.0 Ov))
22:06:37 [DEBUG] Wait 10s...
22:06:59 [DEBUG] No change (114/5 (13.0 Ov))
22:06:59 [DEBUG] Wait 10s...
22:07:22 [DEBUG] No change (114/5 (13.0 Ov))
22:07:22 [DEBUG] Wait 10s...
22:07:46 [INFO] Broadcasted -> Nellore Challengers vs Deadline Demons: 116/5 (13.1 Ov) (Target: 229)
22:07:46 [DEBUG] Wait 10s...
22:08:10 [DEBUG] No change (116/5 (13.1 Ov))
22:08:10 [DEBUG] Wait 10s...
22:08:34 [INFO] Broadcasted -> Nellore Challengers vs Deadline Demons: 117/5 (13.2 Ov) (Target: 229)
22:08:34 [DEBUG] Wait 10s...
22:08:58 [INFO] Broadcasted -> Nellore Challengers vs Deadline Demons: 121/5 (13.3 Ov) (Target: 229)
22:08:58 [DEBUG] Wait 10s...
22:09:23 [INFO] Broadcasted -> Nellore Challengers vs Deadline Demons: 121/5 (13.4 Ov) (Target: 229)
22:09:23 [DEBUG] Wait 10s...
22:09:48 [INFO] Broadcasted -> Nellore Challengers vs Deadline Demons: 123/5 (13.4 Ov) (Target: 229)
22:09:48 [DEBUG] Wait 10s...
22:12:02 [INFO] =======================================
22:12:02 [INFO]   CRICHEROES TOURNAMENT AUTO-TRACKER   
22:12:02 [INFO] =======================================
22:12:02 [INFO] Anti-Sleep Override: ENABLED
22:12:02 [INFO] Tournament: https://cricheroes.com/tournament/1860056/pcc-pearl-night-s-x
22:12:02 [INFO] KVDB: https://kvdb.io/BYZVP2VXarW5EsxpLJoD9M/score
22:12:02 [INFO] Headless: False
22:12:02 [INFO] Starting browser...
22:12:06 [INFO] 
Checking Tournament Page for LIVE matches...
22:12:20 [INFO] LIVE match found: https://cricheroes.com/scorecard/23349783/pcc-pearl-night-s-x/nellore-challengers-vs-deadline-demons/live
22:12:20 [INFO] --- SCRAPING LIVE MATCH ---
22:12:20 [INFO] URL: https://cricheroes.com/scorecard/23349783/pcc-pearl-night-s-x/nellore-challengers-vs-deadline-demons/live
22:12:30 [INFO] Broadcasted -> Nellore Challengers vs Deadline Demons: 136/5 (14.3 Ov) (Target: 229)
22:12:30 [DEBUG] Wait 10s...
22:12:54 [INFO] Broadcasted -> Nellore Challengers vs Deadline Demons: 140/5 (14.4 Ov) (Target: 229)
22:12:54 [DEBUG] Wait 10s...
22:13:18 [INFO] Broadcasted -> Nellore Challengers vs Deadline Demons: 141/5 (14.5 Ov) (Target: 229)
22:13:18 [DEBUG] Wait 10s...
22:13:41 [INFO] Broadcasted -> Nellore Challengers vs Deadline Demons: 142/5 (15.0 Ov) (Target: 229)
22:13:41 [DEBUG] Wait 10s...
22:14:05 [INFO] Broadcasted -> Nellore Challengers vs Deadline Demons: 142/5 (15.0 Ov) (Target: 229)
22:14:05 [DEBUG] Wait 10s...
22:14:33 [DEBUG] No change (142/5 (15.0 Ov))
22:14:33 [DEBUG] Wait 10s...
22:14:58 [INFO] Broadcasted -> Nellore Challengers vs Deadline Demons: 146/5 (15.1 Ov) (Target: 229)
22:14:58 [DEBUG] Wait 10s...
22:15:23 [INFO] Broadcasted -> Nellore Challengers vs Deadline Demons: 146/5 (15.2 Ov) (Target: 229)
22:15:23 [DEBUG] Wait 10s...
22:15:51 [INFO] Broadcasted -> Nellore Challengers vs Deadline Demons: 146/5 (15.3 Ov) (Target: 229)
22:15:51 [DEBUG] Wait 10s...
22:16:19 [INFO] Broadcasted -> Nellore Challengers vs Deadline Demons: 150/5 (15.4 Ov) (Target: 229)
22:16:19 [DEBUG] Wait 10s...
22:16:43 [INFO] Broadcasted -> Nellore Challengers vs Deadline Demons: 151/5 (15.4 Ov) (Target: 229)
22:16:43 [DEBUG] Wait 10s...
22:17:09 [INFO] Broadcasted -> Nellore Challengers vs Deadline Demons: 151/5 (15.5 Ov) (Target: 229)
22:17:09 [DEBUG] Wait 10s...
22:17:34 [INFO] Broadcasted -> Nellore Challengers vs Deadline Demons: 151/5 (16.0 Ov) (Target: 229)
22:17:34 [DEBUG] Wait 10s...
22:17:58 [INFO] Broadcasted -> Nellore Challengers vs Deadline Demons: 151/5 (16.0 Ov) (Target: 229)
22:17:58 [DEBUG] Wait 10s...
22:18:21 [DEBUG] No change (151/5 (16.0 Ov))
22:18:21 [DEBUG] Wait 10s...
22:18:45 [INFO] Broadcasted -> Nellore Challengers vs Deadline Demons: 151/5 (16.1 Ov) (Target: 229)
22:18:45 [DEBUG] Wait 10s...
22:19:08 [INFO] Broadcasted -> Nellore Challengers vs Deadline Demons: 155/5 (16.2 Ov) (Target: 229)
22:19:08 [DEBUG] Wait 10s...
22:19:30 [DEBUG] No change (155/5 (16.2 Ov))
22:19:30 [DEBUG] Wait 10s...
22:19:52 [DEBUG] No change (155/5 (16.2 Ov))
22:19:52 [DEBUG] Wait 10s...
22:20:18 [INFO] Broadcasted -> Nellore Challengers vs Deadline Demons: 156/5 (16.3 Ov) (Target: 229)
22:20:18 [DEBUG] Wait 10s...
22:20:43 [INFO] Broadcasted -> Nellore Challengers vs Deadline Demons: 157/5 (16.4 Ov) (Target: 229)
22:20:43 [DEBUG] Wait 10s...
22:21:09 [INFO] Broadcasted -> Nellore Challengers vs Deadline Demons: 158/5 (16.5 Ov) (Target: 229)
22:21:09 [DEBUG] Wait 10s...
22:21:32 [INFO] Broadcasted -> Nellore Challengers vs Deadline Demons: 159/5 (17.0 Ov) (Target: 229)
22:21:32 [DEBUG] Wait 10s...
22:21:56 [INFO] Broadcasted -> Nellore Challengers vs Deadline Demons: 159/5 (17.0 Ov) (Target: 229)
22:21:56 [DEBUG] Wait 10s...
22:22:18 [INFO] Broadcasted -> Nellore Challengers vs Deadline Demons: 159/5 (17.1 Ov) (Target: 229)
22:22:18 [DEBUG] Wait 10s...
22:22:40 [DEBUG] No change (159/5 (17.1 Ov))
22:22:40 [DEBUG] Wait 10s...
22:23:03 [INFO] Broadcasted -> Nellore Challengers vs Deadline Demons: 165/5 (17.2 Ov) (Target: 229)
22:23:03 [DEBUG] Wait 10s...
22:23:27 [DEBUG] No change (165/5 (17.2 Ov))
22:23:27 [DEBUG] Wait 10s...
22:23:50 [INFO] Broadcasted -> Nellore Challengers vs Deadline Demons: 169/5 (17.3 Ov) (Target: 229)
22:23:50 [DEBUG] Wait 10s...
22:24:12 [INFO] Broadcasted -> Nellore Challengers vs Deadline Demons: 170/5 (17.4 Ov) (Target: 229)
22:24:12 [DEBUG] Wait 10s...
22:24:35 [INFO] Broadcasted -> Nellore Challengers vs Deadline Demons: 174/5 (17.5 Ov) (Target: 229)
22:24:35 [DEBUG] Wait 10s...
22:24:55 [DEBUG] No change (174/5 (17.5 Ov))
22:24:55 [DEBUG] Wait 10s...
22:25:18 [INFO] Broadcasted -> Nellore Challengers vs Deadline Demons: 178/5 (18.0 Ov) (Target: 229)
22:25:18 [DEBUG] Wait 10s...
22:25:39 [DEBUG] No change (178/5 (18.0 Ov))
22:25:39 [DEBUG] Wait 10s...
22:26:00 [DEBUG] No change (178/5 (18.0 Ov))
22:26:00 [DEBUG] Wait 10s...
22:26:24 [INFO] Broadcasted -> Nellore Challengers vs Deadline Demons: 178/5 (18.0 Ov) (Target: 229)
22:26:24 [DEBUG] Wait 10s...
22:26:47 [INFO] Broadcasted -> Nellore Challengers vs Deadline Demons: 179/5 (18.1 Ov) (Target: 229)
22:26:47 [DEBUG] Wait 10s...
22:27:08 [DEBUG] No change (179/5 (18.1 Ov))
22:27:08 [DEBUG] Wait 10s...
22:27:30 [DEBUG] No change (179/5 (18.1 Ov))
22:27:30 [DEBUG] Wait 10s...
22:27:53 [INFO] Broadcasted -> Nellore Challengers vs Deadline Demons: 187/5 (18.3 Ov) (Target: 229)
22:27:53 [DEBUG] Wait 10s...
22:28:16 [DEBUG] No change (187/5 (18.3 Ov))
22:28:16 [DEBUG] Wait 10s...
22:28:39 [INFO] Broadcasted -> Nellore Challengers vs Deadline Demons: 193/5 (18.4 Ov) (Target: 229)
22:28:39 [DEBUG] Wait 10s...
22:29:03 [INFO] Broadcasted -> Nellore Challengers vs Deadline Demons: 197/5 (18.5 Ov) (Target: 229)
22:29:03 [DEBUG] Wait 10s...
22:29:31 [DEBUG] No change (197/5 (18.5 Ov))
22:29:31 [DEBUG] Wait 10s...
22:29:59 [INFO] Broadcasted -> Nellore Challengers vs Deadline Demons: 199/5 (19.0 Ov) (Target: 229)
22:29:59 [DEBUG] Wait 10s...
22:30:23 [DEBUG] No change (199/5 (19.0 Ov))
22:30:23 [DEBUG] Wait 10s...
22:30:48 [INFO] Broadcasted -> Nellore Challengers vs Deadline Demons: 203/5 (19.1 Ov) (Target: 229)
22:30:48 [DEBUG] Wait 10s...
22:31:12 [DEBUG] No change (203/5 (19.1 Ov))
22:31:12 [DEBUG] Wait 10s...
22:31:44 [INFO] Broadcasted -> Nellore Challengers vs Deadline Demons: 205/5 (19.2 Ov) (Target: 229)
22:31:44 [DEBUG] Wait 10s...
22:32:09 [INFO] Broadcasted -> Nellore Challengers vs Deadline Demons: 205/5 (19.3 Ov) (Target: 229)
22:32:09 [DEBUG] Wait 10s...
22:32:31 [INFO] =======================================
22:32:31 [INFO]   CRICHEROES TOURNAMENT AUTO-TRACKER   
22:32:31 [INFO] =======================================
22:32:31 [INFO] Anti-Sleep Override: ENABLED
22:32:31 [INFO] Tournament: https://cricheroes.com/tournament/1860056/pcc-pearl-night-s-x
22:32:31 [INFO] KVDB: https://kvdb.io/BYZVP2VXarW5EsxpLJoD9M/score
22:32:31 [INFO] Headless: False
22:32:31 [INFO] Starting browser...
22:32:37 [INFO] 
Checking Tournament Page for LIVE matches...
22:32:43 [INFO] Broadcasted -> Nellore Challengers vs Deadline Demons: 210/5 (19.3 Ov) (Target: 229)
22:32:43 [DEBUG] Wait 10s...
22:32:49 [INFO] LIVE match found: https://cricheroes.com/scorecard/23349783/pcc-pearl-night-s-x/nellore-challengers-vs-deadline-demons/live
22:32:49 [INFO] --- SCRAPING LIVE MATCH ---
22:32:49 [INFO] URL: https://cricheroes.com/scorecard/23349783/pcc-pearl-night-s-x/nellore-challengers-vs-deadline-demons/live
22:33:14 [INFO] Broadcasted -> Nellore Challengers vs Deadline Demons: 211/5 (19.4 Ov) (Target: 229)
22:33:14 [DEBUG] Wait 10s...
22:33:18 [INFO] Broadcasted -> Nellore Challengers vs Deadline Demons: 211/5 (19.4 Ov) (Target: 229)
22:33:18 [DEBUG] Wait 10s...
22:33:42 [DEBUG] No change (211/5 (19.4 Ov))
22:33:42 [DEBUG] Wait 10s...
22:33:47 [INFO] Broadcasted -> Nellore Challengers vs Deadline Demons: 216/5 (19.4 Ov) (Target: 229)
22:33:47 [DEBUG] Wait 10s...
22:34:13 [INFO] Broadcasted -> Nellore Challengers vs Deadline Demons: 216/5 (19.4 Ov) (Target: 229)
22:34:13 [DEBUG] Wait 10s...
22:34:19 [DEBUG] No change (216/5 (19.4 Ov))
22:34:19 [DEBUG] Wait 10s...
22:34:41 [INFO] Broadcasted -> Nellore Challengers vs Deadline Demons: 220/5 (19.5 Ov) (Target: 229)
22:34:41 [DEBUG] Wait 10s...
22:34:49 [INFO] Broadcasted -> Nellore Challengers vs Deadline Demons: 220/5 (19.5 Ov) (Target: 229)
22:34:49 [DEBUG] Wait 10s...
22:35:13 [INFO] Broadcasted -> Nellore Challengers vs Deadline Demons: 221/5 (19.5 Ov) (Target: 229)
22:35:13 [DEBUG] Wait 10s...
22:35:21 [INFO] Match ended! Nellore Challengers won by 7 runs (DLS par score: 228 )
22:35:23 [INFO] Final: 228/4 vs 221/5 - Nellore Challengers won by 7 runs (DLS par score: 228 )
22:35:23 [INFO] 
Checking Tournament Page for LIVE matches...
22:35:33 [INFO] LIVE match found: https://cricheroes.com/scorecard/23349777/pcc-pearl-night-s-x/kmcv-vs-jhamsingh-united/live
22:35:33 [INFO] --- SCRAPING LIVE MATCH ---
22:35:33 [INFO] URL: https://cricheroes.com/scorecard/23349777/pcc-pearl-night-s-x/kmcv-vs-jhamsingh-united/live
22:35:40 [INFO] Match ended! Nellore Challengers won by 7 runs
22:35:42 [INFO] Final: 228/4 vs 221/5 - Nellore Challengers won by 7 runs
22:35:42 [INFO] 
Checking Tournament Page for LIVE matches...
22:35:49 [INFO] Broadcasted -> Kmcv vs JHAMSINGH UNITED: 135/4 (17.2 Ov) (Target: 170)
22:35:49 [DEBUG] Wait 10s...
22:35:57 [INFO] LIVE match found: https://cricheroes.com/scorecard/23349777/pcc-pearl-night-s-x/kmcv-vs-jhamsingh-united/live
22:35:57 [INFO] --- SCRAPING LIVE MATCH ---
22:35:57 [INFO] URL: https://cricheroes.com/scorecard/23349777/pcc-pearl-night-s-x/kmcv-vs-jhamsingh-united/live
22:36:12 [INFO] Broadcasted -> Kmcv vs JHAMSINGH UNITED: 135/4 (17.2 Ov) (Target: 170)
22:36:12 [DEBUG] Wait 10s...
22:36:16 [DEBUG] No change (135/4 (17.2 Ov))
22:36:16 [DEBUG] Wait 10s...
22:36:41 [INFO] Broadcasted -> Kmcv vs JHAMSINGH UNITED: 136/4 (17.2 Ov) (Target: 170)
22:36:41 [DEBUG] Wait 10s...
22:36:47 [INFO] Broadcasted -> Kmcv vs JHAMSINGH UNITED: 136/4 (17.2 Ov) (Target: 170)
22:36:47 [DEBUG] Wait 10s...
22:37:07 [INFO] Broadcasted -> Kmcv vs JHAMSINGH UNITED: 136/4 (17.3 Ov) (Target: 170)
22:37:07 [DEBUG] Wait 10s...
22:37:13 [INFO] Broadcasted -> Kmcv vs JHAMSINGH UNITED: 136/4 (17.3 Ov) (Target: 170)
22:37:13 [DEBUG] Wait 10s...
22:37:38 [INFO] Broadcasted -> Kmcv vs JHAMSINGH UNITED: 136/4 (17.4 Ov) (Target: 170)
22:37:38 [DEBUG] Wait 10s...
22:37:45 [INFO] Broadcasted -> Kmcv vs JHAMSINGH UNITED: 136/4 (17.4 Ov) (Target: 170)
22:37:45 [DEBUG] Wait 10s...
22:38:06 [INFO] Broadcasted -> Kmcv vs JHAMSINGH UNITED: 137/4 (17.5 Ov) (Target: 170)
22:38:06 [DEBUG] Wait 10s...
22:38:18 [INFO] Broadcasted -> Kmcv vs JHAMSINGH UNITED: 137/4 (17.5 Ov) (Target: 170)
22:38:18 [DEBUG] Wait 10s...
22:38:37 [DEBUG] No change (137/4 (17.5 Ov))
22:38:37 [DEBUG] Wait 10s...
22:38:46 [INFO] Broadcasted -> Kmcv vs JHAMSINGH UNITED: 138/4 (18.0 Ov) (Target: 170)
22:38:46 [DEBUG] Wait 10s...
22:39:03 [INFO] Broadcasted -> Kmcv vs JHAMSINGH UNITED: 138/4 (18.0 Ov) (Target: 170)
22:39:03 [DEBUG] Wait 10s...
22:39:08 [DEBUG] No change (138/4 (18.0 Ov))
22:39:08 [DEBUG] Wait 10s...
22:39:25 [DEBUG] No change (138/4 (18.0 Ov))
22:39:25 [DEBUG] Wait 10s...
22:39:31 [DEBUG] No change (138/4 (18.0 Ov))
22:39:31 [DEBUG] Wait 10s...
22:39:48 [INFO] Broadcasted -> Kmcv vs JHAMSINGH UNITED: 139/4 (18.1 Ov) (Target: 170)
22:39:48 [DEBUG] Wait 10s...
22:39:54 [INFO] Broadcasted -> Kmcv vs JHAMSINGH UNITED: 139/4 (18.1 Ov) (Target: 170)
22:39:54 [DEBUG] Wait 10s...
22:40:10 [DEBUG] No change (139/4 (18.1 Ov))
22:40:10 [DEBUG] Wait 10s...
22:40:16 [DEBUG] No change (139/4 (18.1 Ov))
22:40:16 [DEBUG] Wait 10s...
22:40:34 [INFO] Broadcasted -> Kmcv vs JHAMSINGH UNITED: 140/4 (18.2 Ov) (Target: 170)
22:40:34 [DEBUG] Wait 10s...
22:40:39 [INFO] Broadcasted -> Kmcv vs JHAMSINGH UNITED: 140/4 (18.2 Ov) (Target: 170)
22:40:39 [DEBUG] Wait 10s...
22:40:59 [INFO] Broadcasted -> Kmcv vs JHAMSINGH UNITED: 144/4 (18.3 Ov) (Target: 170)
22:40:59 [DEBUG] Wait 10s...
22:41:07 [INFO] Broadcasted -> Kmcv vs JHAMSINGH UNITED: 144/4 (18.3 Ov) (Target: 170)
22:41:07 [DEBUG] Wait 10s...
22:41:23 [INFO] Broadcasted -> Kmcv vs JHAMSINGH UNITED: 148/4 (18.4 Ov) (Target: 170)
22:41:23 [DEBUG] Wait 10s...
22:41:31 [INFO] Broadcasted -> Kmcv vs JHAMSINGH UNITED: 148/4 (18.4 Ov) (Target: 170)
22:41:31 [DEBUG] Wait 10s...
22:41:45 [DEBUG] No change (148/4 (18.4 Ov))
22:41:45 [DEBUG] Wait 10s...
22:41:55 [DEBUG] No change (148/4 (18.4 Ov))
22:41:55 [DEBUG] Wait 10s...
22:42:09 [INFO] Broadcasted -> Kmcv vs JHAMSINGH UNITED: 148/4 (18.5 Ov) (Target: 170)
22:42:09 [DEBUG] Wait 10s...
22:42:23 [INFO] Broadcasted -> Kmcv vs JHAMSINGH UNITED: 148/4 (18.5 Ov) (Target: 170)
22:42:23 [DEBUG] Wait 10s...
22:42:32 [DEBUG] No change (148/4 (18.5 Ov))
22:42:32 [DEBUG] Wait 10s...
22:42:48 [INFO] Broadcasted -> Kmcv vs JHAMSINGH UNITED: 148/4 (19.0 Ov) (Target: 170)
22:42:48 [DEBUG] Wait 10s...
22:42:57 [INFO] Broadcasted -> Kmcv vs JHAMSINGH UNITED: 148/4 (19.0 Ov) (Target: 170)
22:42:57 [DEBUG] Wait 10s...
22:43:14 [INFO] Broadcasted -> Kmcv vs JHAMSINGH UNITED: 148/4 (19.0 Ov) (Target: 170)
22:43:14 [DEBUG] Wait 10s...
22:43:21 [INFO] Broadcasted -> Kmcv vs JHAMSINGH UNITED: 148/4 (19.0 Ov) (Target: 170)
22:43:21 [DEBUG] Wait 10s...
22:43:39 [DEBUG] No change (148/4 (19.0 Ov))
22:43:39 [DEBUG] Wait 10s...
22:43:46 [DEBUG] No change (148/4 (19.0 Ov))
22:43:46 [DEBUG] Wait 10s...
22:44:09 [DEBUG] No change (148/4 (19.0 Ov))
22:44:09 [DEBUG] Wait 10s...
22:44:12 [INFO] Broadcasted -> Kmcv vs JHAMSINGH UNITED: 148/4 (19.1 Ov) (Target: 170)
22:44:12 [DEBUG] Wait 10s...
22:44:37 [DEBUG] No change (148/4 (19.1 Ov))
22:44:37 [DEBUG] Wait 10s...
22:44:43 [INFO] Broadcasted -> Kmcv vs JHAMSINGH UNITED: 148/4 (19.1 Ov) (Target: 170)
22:44:43 [DEBUG] Wait 10s...
22:45:21 [INFO] Broadcasted -> Kmcv vs JHAMSINGH UNITED: 152/4 (19.2 Ov) (Target: 170)
22:45:21 [DEBUG] Wait 10s...
22:45:26 [INFO] Broadcasted -> Kmcv vs JHAMSINGH UNITED: 152/4 (19.2 Ov) (Target: 170)
22:45:26 [DEBUG] Wait 10s...
22:45:52 [INFO] Broadcasted -> Kmcv vs JHAMSINGH UNITED: 154/4 (19.3 Ov) (Target: 170)
22:45:52 [DEBUG] Wait 10s...
22:45:58 [INFO] Broadcasted -> Kmcv vs JHAMSINGH UNITED: 154/4 (19.3 Ov) (Target: 170)
22:45:58 [DEBUG] Wait 10s...
22:46:16 [DEBUG] No change (154/4 (19.3 Ov))
22:46:16 [DEBUG] Wait 10s...
22:46:23 [DEBUG] No change (154/4 (19.3 Ov))
22:46:23 [DEBUG] Wait 10s...
22:46:39 [DEBUG] No change (154/4 (19.3 Ov))
22:46:39 [DEBUG] Wait 10s...
22:46:56 [INFO] Broadcasted -> Kmcv vs JHAMSINGH UNITED: 160/4 (19.4 Ov) (Target: 170)
22:46:56 [DEBUG] Wait 10s...
22:47:09 [INFO] Broadcasted -> Kmcv vs JHAMSINGH UNITED: 160/4 (19.4 Ov) (Target: 170)
22:47:09 [DEBUG] Wait 10s...
22:47:21 [DEBUG] No change (160/4 (19.4 Ov))
22:47:21 [DEBUG] Wait 10s...
22:47:43 [DEBUG] No change (160/4 (19.4 Ov))
22:47:43 [DEBUG] Wait 10s...
22:47:51 [INFO] Broadcasted -> Kmcv vs JHAMSINGH UNITED: 160/4 (19.5 Ov) (Target: 170)
22:47:51 [DEBUG] Wait 10s...
22:48:17 [INFO] Broadcasted -> Kmcv vs JHAMSINGH UNITED: 161/4 (19.5 Ov) (Target: 170)
22:48:17 [DEBUG] Wait 10s...
22:48:24 [INFO] Broadcasted -> Kmcv vs JHAMSINGH UNITED: 161/4 (19.5 Ov) (Target: 170)
22:48:24 [DEBUG] Wait 10s...
22:48:43 [INFO] Match ended! Kmcv won by 8 runs
22:48:45 [INFO] Final: 169/9 vs 161/4 - Kmcv won by 8 runs
22:48:45 [INFO] 
Checking Tournament Page for LIVE matches...
22:48:53 [INFO] Match ended! Kmcv won by 8 runs
22:48:55 [INFO] Final: 169/9 vs 161/4 - Kmcv won by 8 runs
22:48:55 [INFO] 
Checking Tournament Page for LIVE matches...
22:48:55 [INFO] LIVE match found: https://cricheroes.com/scorecard/23349783/pcc-pearl-night-s-x/nellore-challengers-vs-deadline-demons/live
22:48:55 [INFO] --- SCRAPING LIVE MATCH ---
22:48:55 [INFO] URL: https://cricheroes.com/scorecard/23349783/pcc-pearl-night-s-x/nellore-challengers-vs-deadline-demons/live
22:49:04 [INFO] Match ended! Nellore Challengers won by 7 runs
22:49:05 [INFO] LIVE match found: https://cricheroes.com/scorecard/23349783/pcc-pearl-night-s-x/nellore-challengers-vs-deadline-demons/live
22:49:05 [INFO] --- SCRAPING LIVE MATCH ---
22:49:05 [INFO] URL: https://cricheroes.com/scorecard/23349783/pcc-pearl-night-s-x/nellore-challengers-vs-deadline-demons/live
22:49:06 [INFO] Final: 228/4 vs 221/5 - Nellore Challengers won by 7 runs
22:49:06 [INFO] 
Checking Tournament Page for LIVE matches...
22:49:15 [INFO] Match ended! Nellore Challengers won by 7 runs
22:49:16 [INFO] LIVE match found: https://cricheroes.com/scorecard/23349783/pcc-pearl-night-s-x/nellore-challengers-vs-deadline-demons/live
22:49:16 [INFO] --- SCRAPING LIVE MATCH ---
22:49:16 [INFO] URL: https://cricheroes.com/scorecard/23349783/pcc-pearl-night-s-x/nellore-challengers-vs-deadline-demons/live
22:49:16 [INFO] Final: 228/4 vs 221/5 - Nellore Challengers won by 7 runs
22:49:16 [INFO] 
Checking Tournament Page for LIVE matches...
22:49:26 [INFO] LIVE match found: https://cricheroes.com/scorecard/23349783/pcc-pearl-night-s-x/nellore-challengers-vs-deadline-demons/live
22:49:26 [INFO] --- SCRAPING LIVE MATCH ---
22:49:26 [INFO] URL: https://cricheroes.com/scorecard/23349783/pcc-pearl-night-s-x/nellore-challengers-vs-deadline-demons/live
22:49:26 [INFO] Match ended! Nellore Challengers won by 7 runs
22:49:29 [INFO] Final: 228/4 vs 221/5 - Nellore Challengers won by 7 runs
22:49:29 [INFO] 
Checking Tournament Page for LIVE matches...
22:49:40 [INFO] Match ended! Nellore Challengers won by 7 runs
22:49:41 [INFO] LIVE match found: https://cricheroes.com/scorecard/23349783/pcc-pearl-night-s-x/nellore-challengers-vs-deadline-demons/live
22:49:41 [INFO] --- SCRAPING LIVE MATCH ---
22:49:41 [INFO] URL: https://cricheroes.com/scorecard/23349783/pcc-pearl-night-s-x/nellore-challengers-vs-deadline-demons/live
22:49:42 [INFO] Final: 228/4 vs 221/5 - Nellore Challengers won by 7 runs
22:49:42 [INFO] 
Checking Tournament Page for LIVE matches...
22:49:51 [INFO] LIVE match found: https://cricheroes.com/scorecard/23349783/pcc-pearl-night-s-x/nellore-challengers-vs-deadline-demons/live
22:49:51 [INFO] --- SCRAPING LIVE MATCH ---
22:49:51 [INFO] URL: https://cricheroes.com/scorecard/23349783/pcc-pearl-night-s-x/nellore-challengers-vs-deadline-demons/live
